{"level":"info","message":"Server running on port 3000"}
{"level":"info","message":"Server running on port 3000"}
{"level":"info","message":"New user registered: amjith@test.com"}
{"level":"info","message":"User logged in: amjith@test.com"}
{"level":"info","message":"Server running on port 3000"}
{"level":"info","message":"Server running on port 3000"}
{"level":"info","message":"Server running on port 3000"}
{"level":"info","message":"User logged in: amjith@test.com"}
{"level":"info","message":"New user registered: admin@test.com"}
{"level":"info","message":"User logged in: admin@test.com"}
{"level":"info","message":"Server running on port 3000"}
{"level":"info","message":"Server running on port 3000"}
{"level":"info","message":"Server running on port 3000"}
{"level":"info","message":"Server running on port 3000"}
{"level":"info","message":"Server running on port 3000"}
{"level":"info","message":"Server running on port 3000"}
{"level":"info","message":"Service created: Haircut"}
{"level":"info","message":"Server running on port 3000"}
{"level":"info","message":"Server running on port 3000"}
{"level":"info","message":"Booking created by user 1"}
{"level":"info","message":"Guest booking created for guest@test.com"}
{"level":"info","message":"Booking 1 status updated to APPROVED"}
{"level":"info","message":"Booking 2 status updated to DECLINED"}
{"level":"info","message":"New user registered: testuser@test.com"}
{"level":"info","message":"User logged in: testuser@test.com"}
{"level":"info","message":"User logged in: testuser@test.com"}
{"level":"info","message":"Booking created by user 3"}
{"level":"info","message":"New user registered: coverage1777234623534@test.com"}
{"level":"info","message":"User logged in: coverage1777234623534@test.com"}
{"level":"info","message":"Booking created by user 4"}
{"level":"info","message":"Guest booking created for guest1777234623534@test.com"}
{"level":"info","message":"New user registered: coverageuser1777235131007@test.com"}
{"level":"info","message":"New user registered: coverageadmin1777235131007@test.com"}
{"level":"info","message":"User logged in: coverageadmin1777235131007@test.com"}
{"level":"info","message":"User logged in: coverageuser1777235131007@test.com"}
{"level":"info","message":"Service created: Haircut 1777235131007"}
{"level":"info","message":"Booking created by user 5"}
{"level":"info","message":"Guest booking created for guest1777235131007@test.com"}
{"level":"info","message":"Booking 6 status updated to APPROVED"}
{"level":"info","message":"Booking 7 status updated to DECLINED"}
{"level":"info","message":"Booking 6 updated by admin"}
